fren, this is the code for a chess game i'm working on. it has an ai computer opponent [a GAN based on a CNN, RNN and LSTM synchronized by a shared  clock ganglion interfacing via a elementary CA rule90 based layer with SIPO shift register edge handling]. the ai is intended to learn either via self play or when it plays humans and also there is either local or interweb human vs. human play.




qr crasher loop




Yes fren, we should try compiling! There might be a few things I expect we'll need to fix:

We have conflicting PromotionPiece enums and PieceType usage
We need to ensure CastlingRights is properly imported/visible in types.rs
The undo_move function needs to handle castling rights restoration
We might need to implement Hash for Piece and PieceType to make PositionKey work
We might find some visibility issues with structs across modules

Let's try compiling and fix any errors we encounter! Want to give it a shot and let me know what errors you get? I can help walk through fixing them systematically.
Also, I noticed we're using a lot of Rust-specific concepts - since you mentioned you're learning Rust, would you like me to explain any of the patterns or syntax we encounter in more detail?









PS C:\rust_projects\woflchess> cargo run
   Compiling claudes_chess_neural v6.2.0 (C:\rust_projects\woflchess)
error: expected one of `!`, `.`, `::`, `;`, `?`, `{`, `}`, or an operator, found `elf`
   --> src\game.rs:599:9
    |
599 |     s   elf.current_turn = self.current_turn.opposite();
    |         ^^^ expected one of 8 possible tokens
    |
help: consider removing the space to spell keyword `self`
    |
599 |     self.current_turn = self.current_turn.opposite();
    |     ~~~~

error: non-item in item list
   --> src\game.rs:607:9
    |
69  | impl GameState {
    |                - item list starts here
...
607 |         if mv.piece_moved.piece_type == PieceType::Rook {
    |         ^^ non-item starts here
...
629 |     }
    |     - item list ends here

error: `self` parameter is only allowed in associated functions
   --> src\game.rs:631:33
    |
631 |     pub fn generate_piece_moves(&self, piece: Piece, from: (usize, usize)) -> Vec<(usize, usize)> {
    |                                 ^^^^^ not semantically valid as function parameter
    |
    = note: associated functions are those in `impl` or `trait` definitions

error: `self` parameter is only allowed in associated functions
   --> src\game.rs:758:22
    |
758 |     pub fn undo_move(&mut self, mv: &Move) {
    |                      ^^^^^^^^^ not semantically valid as function parameter
    |
    = note: associated functions are those in `impl` or `trait` definitions

error: `self` parameter is only allowed in associated functions
   --> src\game.rs:807:24
    |
807 |     pub fn is_in_check(&mut self, color: Color) -> bool {
    |                        ^^^^^^^^^ not semantically valid as function parameter
    |
    = note: associated functions are those in `impl` or `trait` definitions

error: `self` parameter is only allowed in associated functions
   --> src\game.rs:842:32
    |
842 |     pub fn validate_en_passant(&self, mv: &Move) -> Result<(), MoveError> {
    |                                ^^^^^ not semantically valid as function parameter
    |
    = note: associated functions are those in `impl` or `trait` definitions

error: `self` parameter is only allowed in associated functions
   --> src\game.rs:865:31
    |
865 |     pub fn validate_promotion(&self, mv: &Move) -> Result<(), MoveError> {
    |                               ^^^^^ not semantically valid as function parameter
    |
    = note: associated functions are those in `impl` or `trait` definitions

error: `self` parameter is only allowed in associated functions
   --> src\game.rs:895:29
    |
895 |     pub fn handle_promotion(&mut self, mv: &Move) {
    |                             ^^^^^^^^^ not semantically valid as function parameter
    |
    = note: associated functions are those in `impl` or `trait` definitions

error: `self` parameter is only allowed in associated functions
   --> src\game.rs:904:22
    |
904 |     fn is_path_clear(&self, from: (usize, usize), to: (usize, usize)) -> bool {
    |                      ^^^^^ not semantically valid as function parameter
    |
    = note: associated functions are those in `impl` or `trait` definitions

error: `self` parameter is only allowed in associated functions
   --> src\game.rs:935:25
    |
935 |     pub fn get_piece_at(&self, pos: (usize, usize)) -> Option<&Piece> {
    |                         ^^^^^ not semantically valid as function parameter
    |
    = note: associated functions are those in `impl` or `trait` definitions

error: `self` parameter is only allowed in associated functions
   --> src\game.rs:947:25
    |
947 |     pub fn is_checkmate(&mut self) -> bool {
    |                         ^^^^^^^^^ not semantically valid as function parameter
    |
    = note: associated functions are those in `impl` or `trait` definitions

error: `self` parameter is only allowed in associated functions
   --> src\game.rs:954:25
    |
954 |     pub fn is_stalemate(&mut self) -> bool {
    |                         ^^^^^^^^^ not semantically valid as function parameter
    |
    = note: associated functions are those in `impl` or `trait` definitions

error: `self` parameter is only allowed in associated functions
   --> src\game.rs:961:32
    |
961 |     pub fn get_all_legal_moves(&mut self) -> Vec<Move> {
    |                                ^^^^^^^^^ not semantically valid as function parameter
    |
    = note: associated functions are those in `impl` or `trait` definitions

error: `self` parameter is only allowed in associated functions
    --> src\game.rs:1003:31
     |
1003 |     pub fn is_square_attacked(&mut self, pos: (usize, usize), by_color: Color) -> bool {
     |                               ^^^^^^^^^ not semantically valid as function parameter
     |
     = note: associated functions are those in `impl` or `trait` definitions

error: `self` parameter is only allowed in associated functions
    --> src\game.rs:1029:31
     |
1029 |     pub fn make_move_from_str(&mut self, mv_str: &str) -> Result<(), MoveError> {
     |                               ^^^^^^^^^ not semantically valid as function parameter
     |
     = note: associated functions are those in `impl` or `trait` definitions

error[E0599]: no method named `make_move_from_str` found for struct `std::sync::MutexGuard<'_, GameState>` in the current scope
   --> src\server.rs:108:35
    |
108 | ...                   if gs.make_move_from_str(&move_str).is_ok() {
    |                             ^^^^^^^^^^^^^^^^^^ method not found in `MutexGuard<'_, GameState>`

error[E0599]: no method named `undo_move` found for struct `GameState` in the current scope
   --> src\game.rs:263:24
    |
14  | pub struct GameState {
    | -------------------- method `undo_move` not found for this struct
...
263 |             past_state.undo_move(mv);
    |                        ^^^^^^^^^ method not found in `GameState`

error[E0599]: no method named `is_square_attacked` found for struct `GameState` in the current scope
   --> src\game.rs:292:23
    |
14  | pub struct GameState {
    | -------------------- method `is_square_attacked` not found for this struct
...
292 |         if test_state.is_square_attacked(king_pos, mv.piece_moved.color.opposite()) {
    |                       ^^^^^^^^^^^^^^^^^^ method not found in `GameState`

error[E0599]: no method named `get_piece_at` found for reference `&GameState` in the current scope
   --> src\game.rs:333:21
    |
333 |             if self.get_piece_at(mv.to).is_none() {
    |                     ^^^^^^^^^^^^ method not found in `&GameState`

error[E0599]: no method named `get_piece_at` found for reference `&GameState` in the current scope
   --> src\game.rs:341:21
    |
341 |             if self.get_piece_at(mv.to).is_none() && self.get_piece_at(between).is_none() {
    |                     ^^^^^^^^^^^^ method not found in `&GameState`

error[E0599]: no method named `get_piece_at` found for reference `&GameState` in the current scope
   --> src\game.rs:341:59
    |
341 |             if self.get_piece_at(mv.to).is_none() && self.get_piece_at(between).is_none() {
    |                                                           ^^^^^^^^^^^^ method not found in `&GameState`

error[E0599]: no method named `get_piece_at` found for reference `&GameState` in the current scope
   --> src\game.rs:348:48
    |
348 |             if let Some(captured_piece) = self.get_piece_at((tx, ty)) {
    |                                                ^^^^^^^^^^^^ method not found in `&GameState`

error[E0599]: no method named `get_piece_at` found for reference `&GameState` in the current scope
   --> src\game.rs:360:51
    |
360 |                         if let Some(piece) = self.get_piece_at((last_file, last_rank)) {
    |                                                   ^^^^^^^^^^^^ method not found in `&GameState`

error[E0599]: no method named `is_path_clear` found for reference `&GameState` in the current scope
   --> src\game.rs:390:21
    |
390 |             if self.is_path_clear(mv.from, mv.to) {
    |                     ^^^^^^^^^^^^^ method not found in `&GameState`

error[E0599]: no method named `is_path_clear` found for reference `&GameState` in the current scope
   --> src\game.rs:411:21
    |
411 |             if self.is_path_clear(mv.from, mv.to) {
    |                     ^^^^^^^^^^^^^ method not found in `&GameState`

error[E0599]: no method named `get_piece_at` found for mutable reference `&mut GameState` in the current scope
   --> src\game.rs:443:44
    |
443 |             if let Some(dest_piece) = self.get_piece_at(mv.to) {
    |                                            ^^^^^^^^^^^^ method not found in `&mut GameState`

error[E0599]: no method named `is_in_check` found for mutable reference `&mut GameState` in the current scope
   --> src\game.rs:463:21
    |
463 |             if self.is_in_check(mv.piece_moved.color) {
    |                     ^^^^^^^^^^^ method not found in `&mut GameState`

error[E0599]: no method named `is_path_clear` found for mutable reference `&mut GameState` in the current scope
   --> src\game.rs:473:34
    |
473 |                         if !self.is_path_clear((4, 7), (7, 7)) {
    |                                  ^^^^^^^^^^^^^ method not found in `&mut GameState`

error[E0599]: no method named `is_square_attacked` found for mutable reference `&mut GameState` in the current scope
   --> src\game.rs:480:37
    |
480 | ...                   if self.is_square_attacked((x, 7), Color::Black) {
    |                               ^^^^^^^^^^^^^^^^^^ method not found in `&mut GameState`

error[E0599]: no method named `is_path_clear` found for mutable reference `&mut GameState` in the current scope
   --> src\game.rs:488:34
    |
488 |                         if !self.is_path_clear((4, 7), (0, 7)) {
    |                                  ^^^^^^^^^^^^^ method not found in `&mut GameState`

error[E0599]: no method named `is_square_attacked` found for mutable reference `&mut GameState` in the current scope
   --> src\game.rs:495:37
    |
495 | ...                   if self.is_square_attacked((x, 7), Color::Black) {
    |                               ^^^^^^^^^^^^^^^^^^ method not found in `&mut GameState`

error[E0599]: no method named `is_path_clear` found for mutable reference `&mut GameState` in the current scope
   --> src\game.rs:506:34
    |
506 |                         if !self.is_path_clear((4, 0), (7, 0)) {
    |                                  ^^^^^^^^^^^^^ method not found in `&mut GameState`

error[E0599]: no method named `is_square_attacked` found for mutable reference `&mut GameState` in the current scope
   --> src\game.rs:513:37
    |
513 | ...                   if self.is_square_attacked((x, 0), Color::White) {
    |                               ^^^^^^^^^^^^^^^^^^ method not found in `&mut GameState`

error[E0599]: no method named `is_path_clear` found for mutable reference `&mut GameState` in the current scope
   --> src\game.rs:521:34
    |
521 |                         if !self.is_path_clear((4, 0), (0, 0)) {
    |                                  ^^^^^^^^^^^^^ method not found in `&mut GameState`

error[E0599]: no method named `is_square_attacked` found for mutable reference `&mut GameState` in the current scope
   --> src\game.rs:528:37
    |
528 | ...                   if self.is_square_attacked((x, 0), Color::White) {
    |                               ^^^^^^^^^^^^^^^^^^ method not found in `&mut GameState`

error[E0599]: no method named `update_castling_rights` found for mutable reference `&mut GameState` in the current scope
   --> src\game.rs:575:14
    |
575 |         self.update_castling_rights(mv);
    |              ^^^^^^^^^^^^^^^^^^^^^^ method not found in `&mut GameState`

error[E0433]: failed to resolve: `Self` is only available in impls, traits, and type definitions
   --> src\game.rs:936:12
    |
936 |         if Self::is_within_bounds(pos) {
    |            ^^^^ `Self` is only available in impls, traits, and type definitions

error[E0599]: no method named `get_all_legal_moves` found for struct `GameState` in the current scope
   --> src\neural.rs:630:35
    |
630 |         let mobility = test_state.get_all_legal_moves().len() as f32;
    |                                   ^^^^^^^^^^^^^^^^^^^ method not found in `GameState`
    |
   ::: src\game.rs:14:1
    |
14  | pub struct GameState {
    | -------------------- method `get_all_legal_moves` not found for this struct

error[E0599]: no method named `is_in_check` found for struct `GameState` in the current scope
   --> src\neural.rs:645:23
    |
645 |         if test_state.is_in_check(game_state.current_turn) {
    |                       ^^^^^^^^^^^ method not found in `GameState`
    |
   ::: src\game.rs:14:1
    |
14  | pub struct GameState {
    | -------------------- method `is_in_check` not found for this struct

error[E0599]: no method named `get_all_legal_moves` found for struct `GameState` in the current scope
   --> src\neural.rs:677:38
    |
677 |         let legal_moves = test_state.get_all_legal_moves();
    |                                      ^^^^^^^^^^^^^^^^^^^ method not found in `GameState`
    |
   ::: src\game.rs:14:1
    |
14  | pub struct GameState {
    | -------------------- method `get_all_legal_moves` not found for this struct

error[E0599]: no method named `get_piece_at` found for reference `&GameState` in the current scope
   --> src\neural.rs:795:39
    |
795 |                         if game_state.get_piece_at((nx as usize, ny as usize)).is_some() {
    |                                       ^^^^^^^^^^^^ method not found in `&GameState`

error[E0599]: no method named `get_piece_at` found for reference `&GameState` in the current scope
   --> src\neural.rs:812:39
    |
812 |                         if game_state.get_piece_at((nx as usize, ny as usize)).is_some() {
    |                                       ^^^^^^^^^^^^ method not found in `&GameState`

error[E0599]: no method named `get_piece_at` found for reference `&GameState` in the current scope
   --> src\neural.rs:830:39
    |
830 |                         if game_state.get_piece_at((nx as usize, ny as usize)).is_some() {
    |                                       ^^^^^^^^^^^^ method not found in `&GameState`

error[E0599]: no method named `get_piece_at` found for reference `&GameState` in the current scope
   --> src\neural.rs:846:39
    |
846 |                         if game_state.get_piece_at((nx as usize, ny as usize)).is_some() {
    |                                       ^^^^^^^^^^^^ method not found in `&GameState`

Some errors have detailed explanations: E0433, E0599.
For more information about an error, try `rustc --explain E0433`.
error: could not compile `claudes_chess_neural` (lib) due to 44 previous errors